gyp info it worked if it ends with ok
gyp info using node-gyp@9.1.0
gyp info using node@18.7.0 | linux | x64
gyp info find Python using Python version 3.10.7 found at "/usr/bin/python3"
gyp info spawn /usr/bin/python3
gyp info spawn args [
gyp info spawn args   '/usr/share/nodejs/node-gyp/gyp/gyp_main.py',
gyp info spawn args   'binding.gyp',
gyp info spawn args   '-f',
gyp info spawn args   'make',
gyp info spawn args   '-I',
gyp info spawn args   '/home/aahil/apps/Fantom/admin-api/node_modules/ursa-optional/build/config.gypi',
gyp info spawn args   '-I',
gyp info spawn args   '/usr/share/nodejs/node-gyp/addon.gypi',
gyp info spawn args   '-I',
gyp info spawn args   '/usr/include/nodejs/common.gypi',
gyp info spawn args   '-Dlibrary=shared_library',
gyp info spawn args   '-Dvisibility=default',
gyp info spawn args   '-Dnode_root_dir=/usr/include/nodejs',
gyp info spawn args   '-Dnode_gyp_dir=/usr/share/nodejs/node-gyp',
gyp info spawn args   '-Dnode_lib_file=/usr/include/nodejs/<(target_arch)/node.lib',
gyp info spawn args   '-Dmodule_root_dir=/home/aahil/apps/Fantom/admin-api/node_modules/ursa-optional',
gyp info spawn args   '-Dnode_engine=v8',
gyp info spawn args   '--depth=.',
gyp info spawn args   '--no-parallel',
gyp info spawn args   '--generator-output',
gyp info spawn args   'build',
gyp info spawn args   '-Goutput_dir=.'
gyp info spawn args ]
gyp info spawn make
gyp info spawn args [ 'BUILDTYPE=Release', '-C', 'build' ]
In file included from ../src/ursaNative.h:9,
                 from ../src/ursaNative.cc:3:
/usr/include/nodejs/src/node.h:862:7: warning: cast between incompatible function types from ‘void (*)(v8::Local<v8::Object>)’ to ‘node::addon_register_func’ {aka ‘void (*)(v8::Local<v8::Object>, v8::Local<v8::Value>, void*)’} [-Wcast-function-type]
  862 |       (node::addon_register_func) (regfunc),                          \
      |       ^~~~~~~~~~~~~~~~~~~~~~~~~~~~~~~~~~~~~
/usr/include/nodejs/src/node.h:896:3: note: in expansion of macro ‘NODE_MODULE_X’
  896 |   NODE_MODULE_X(modname, regfunc, NULL, 0)  // NOLINT (readability/null_usage)
      |   ^~~~~~~~~~~~~
../src/ursaNative.cc:389:1: note: in expansion of macro ‘NODE_MODULE’
  389 | NODE_MODULE(ursaNative, init)
      | ^~~~~~~~~~~
../src/ursaNative.cc: In function ‘char* copyBufferToUtf8String(v8::Local<v8::String>)’:
../src/ursaNative.cc:543:31: error: no matching function for call to ‘v8::String::Utf8Length()’
  543 |   int length = str->Utf8Length();
      |                ~~~~~~~~~~~~~~~^~
In file included from /usr/include/nodejs/deps/v8/include/v8-object.h:11,
                 from /usr/include/nodejs/deps/v8/include/v8-array-buffer.h:13,
                 from /usr/include/nodejs/deps/v8/include/v8.h:24,
                 from /usr/include/nodejs/src/node.h:73:
/usr/include/nodejs/deps/v8/include/v8-primitive.h:142:7: note: candidate: ‘int v8::String::Utf8Length(v8::Isolate*) const’
  142 |   int Utf8Length(Isolate* isolate) const;
      |       ^~~~~~~~~~
/usr/include/nodejs/deps/v8/include/v8-primitive.h:142:7: note:   candidate expects 1 argument, 0 provided
../src/ursaNative.cc:553:18: error: cannot convert ‘char*’ to ‘v8::Isolate*’
  553 |   str->WriteUtf8(result, length + 1);
      |                  ^~~~~~
      |                  |
      |                  char*
/usr/include/nodejs/deps/v8/include/v8-primitive.h:202:26: note:   initializing argument 1 of ‘int v8::String::WriteUtf8(v8::Isolate*, char*, int, int*, int) const’
  202 |   int WriteUtf8(Isolate* isolate, char* buffer, int length = -1,
      |                 ~~~~~~~~~^~~~~~~
../src/ursaNative.cc: In function ‘RSA* generateKey(int, long unsigned int)’:
../src/ursaNative.cc:588:24: warning: ‘RSA* RSA_new()’ is deprecated: Since OpenSSL 3.0 [-Wdeprecated-declarations]
  588 |   RSA *result = RSA_new();
      |                 ~~~~~~~^~
In file included from ../src/ursaNative.h:13:
/usr/include/openssl/rsa.h:201:28: note: declared here
  201 | OSSL_DEPRECATEDIN_3_0 RSA *RSA_new(void);
      |                            ^~~~~~~
../src/ursaNative.cc:596:26: warning: ‘int RSA_generate_key_ex(RSA*, int, BIGNUM*, BN_GENCB*)’ is deprecated: Since OpenSSL 3.0 [-Wdeprecated-declarations]
  596 |   if (RSA_generate_key_ex(result, num, eBig, NULL) < 0)
      |       ~~~~~~~~~~~~~~~~~~~^~~~~~~~~~~~~~~~~~~~~~~~~
/usr/include/openssl/rsa.h:260:27: note: declared here
  260 | OSSL_DEPRECATEDIN_3_0 int RSA_generate_key_ex(RSA *rsa, int bits, BIGNUM *e,
      |                           ^~~~~~~~~~~~~~~~~~~
../src/ursaNative.cc:598:13: warning: ‘void RSA_free(RSA*)’ is deprecated: Since OpenSSL 3.0 [-Wdeprecated-declarations]
  598 |     RSA_free(result);
      |     ~~~~~~~~^~~~~~~~
/usr/include/openssl/rsa.h:293:28: note: declared here
  293 | OSSL_DEPRECATEDIN_3_0 void RSA_free(RSA *r);
      |                            ^~~~~~~~
../src/ursaNative.cc: In static member function ‘static void RsaWrap::InitClass(v8::Local<v8::Object>)’:
../src/ursaNative.cc:690:67: error: no matching function for call to ‘v8::FunctionTemplate::GetFunction()’
  690 |   target->Set(NanNew("RsaWrap").ToLocalChecked(), tpl->GetFunction());
      |                                                   ~~~~~~~~~~~~~~~~^~
In file included from /usr/include/nodejs/deps/v8/include/v8-function.h:15,
                 from /usr/include/nodejs/deps/v8/include/v8.h:33:
/usr/include/nodejs/deps/v8/include/v8-template.h:513:46: note: candidate: ‘v8::MaybeLocal<v8::Function> v8::FunctionTemplate::GetFunction(v8::Local<v8::Context>)’
  513 |   V8_WARN_UNUSED_RESULT MaybeLocal<Function> GetFunction(
      |                                              ^~~~~~~~~~~
/usr/include/nodejs/deps/v8/include/v8-template.h:513:46: note:   candidate expects 1 argument, 0 provided
../src/ursaNative.cc:691:37: error: no matching function for call to ‘v8::FunctionTemplate::GetFunction()’
  691 |   constructor.Reset(tpl->GetFunction());
      |                     ~~~~~~~~~~~~~~~~^~
/usr/include/nodejs/deps/v8/include/v8-template.h:513:46: note: candidate: ‘v8::MaybeLocal<v8::Function> v8::FunctionTemplate::GetFunction(v8::Local<v8::Context>)’
  513 |   V8_WARN_UNUSED_RESULT MaybeLocal<Function> GetFunction(
      |                                              ^~~~~~~~~~~
/usr/include/nodejs/deps/v8/include/v8-template.h:513:46: note:   candidate expects 1 argument, 0 provided
../src/ursaNative.cc:693:103: error: no matching function for call to ‘v8::FunctionTemplate::GetFunction()’
  693 |   target->Set(NanNew("textToNid").ToLocalChecked(), Nan::New<FunctionTemplate>(TextToNid)->GetFunction());
      |                                                     ~~~~~~~~~~~~~~~~~~~~~~~~~~~~~~~~~~~~~~~~~~~~~~~~~~^~
/usr/include/nodejs/deps/v8/include/v8-template.h:513:46: note: candidate: ‘v8::MaybeLocal<v8::Function> v8::FunctionTemplate::GetFunction(v8::Local<v8::Context>)’
  513 |   V8_WARN_UNUSED_RESULT MaybeLocal<Function> GetFunction(
      |                                              ^~~~~~~~~~~
/usr/include/nodejs/deps/v8/include/v8-template.h:513:46: note:   candidate expects 1 argument, 0 provided
../src/ursaNative.cc: In destructor ‘virtual RsaWrap::~RsaWrap()’:
../src/ursaNative.cc:713:13: warning: ‘void RSA_free(RSA*)’ is deprecated: Since OpenSSL 3.0 [-Wdeprecated-declarations]
  713 |     RSA_free(rsa);
      |     ~~~~~~~~^~~~~
/usr/include/openssl/rsa.h:293:28: note: declared here
  293 | OSSL_DEPRECATEDIN_3_0 void RSA_free(RSA *r);
      |                            ^~~~~~~~
../src/ursaNative.cc: In static member function ‘static Nan::NAN_METHOD_RETURN_TYPE RsaWrap::OpenPublicSshKey(Nan::NAN_METHOD_ARGS_TYPE)’:
../src/ursaNative.cc:740:23: warning: ‘RSA* RSA_new()’ is deprecated: Since OpenSSL 3.0 [-Wdeprecated-declarations]
  740 |     obj->rsa = RSA_new();
      |                ~~~~~~~^~
/usr/include/openssl/rsa.h:201:28: note: declared here
  201 | OSSL_DEPRECATEDIN_3_0 RSA *RSA_new(void);
      |                            ^~~~~~~
../src/ursaNative.cc:748:15: warning: ‘int RSA_set0_key(RSA*, BIGNUM*, BIGNUM*, BIGNUM*)’ is deprecated: Since OpenSSL 3.0 [-Wdeprecated-declarations]
  748 |   RSA_set0_key(obj->rsa, obj->rsa_n, obj->rsa_e, NULL);
      |   ~~~~~~~~~~~~^~~~~~~~~~~~~~~~~~~~~~~~~~~~~~~~~~~~~~~~
/usr/include/openssl/rsa.h:207:27: note: declared here
  207 | OSSL_DEPRECATEDIN_3_0 int RSA_set0_key(RSA *r, BIGNUM *n, BIGNUM *e, BIGNUM *d);
      |                           ^~~~~~~~~~~~
../src/ursaNative.cc: In static member function ‘static RsaWrap* RsaWrap::expectPrivateKey(RsaWrap*)’:
../src/ursaNative.cc:766:17: warning: ‘void RSA_get0_key(const RSA*, const BIGNUM**, const BIGNUM**, const BIGNUM**)’ is deprecated: Since OpenSSL 3.0 [-Wdeprecated-declarations]
  766 |     RSA_get0_key(obj->rsa, NULL, NULL, (const BIGNUM **)&obj->rsa_d);
      |     ~~~~~~~~~~~~^~~~~~~~~~~~~~~~~~~~~~~~~~~~~~~~~~~~~~~~~~~~~~~~~~~~
/usr/include/openssl/rsa.h:217:28: note: declared here
  217 | OSSL_DEPRECATEDIN_3_0 void RSA_get0_key(const RSA *r,
      |                            ^~~~~~~~~~~~
../src/ursaNative.cc: In static member function ‘static Nan::NAN_METHOD_RETURN_TYPE RsaWrap::GeneratePrivateKey(Nan::NAN_METHOD_ARGS_TYPE)’:
../src/ursaNative.cc:866:41: error: no matching function for call to ‘v8::Value::Uint32Value()’
  866 |   int modulusBits = args[0]->Uint32Value();
      |                                         ^
In file included from /usr/include/nodejs/deps/v8/include/v8-primitive.h:11:
/usr/include/nodejs/deps/v8/include/v8-value.h:416:41: note: candidate: ‘v8::Maybe<unsigned int> v8::Value::Uint32Value(v8::Local<v8::Context>) const’
  416 |   V8_WARN_UNUSED_RESULT Maybe<uint32_t> Uint32Value(
      |                                         ^~~~~~~~~~~
/usr/include/nodejs/deps/v8/include/v8-value.h:416:41: note:   candidate expects 1 argument, 0 provided
../src/ursaNative.cc:867:38: error: no matching function for call to ‘v8::Value::Uint32Value()’
  867 |   int exponent = args[1]->Uint32Value();
      |                                      ^
/usr/include/nodejs/deps/v8/include/v8-value.h:416:41: note: candidate: ‘v8::Maybe<unsigned int> v8::Value::Uint32Value(v8::Local<v8::Context>) const’
  416 |   V8_WARN_UNUSED_RESULT Maybe<uint32_t> Uint32Value(
      |                                         ^~~~~~~~~~~
/usr/include/nodejs/deps/v8/include/v8-value.h:416:41: note:   candidate expects 1 argument, 0 provided
../src/ursaNative.cc: In static member function ‘static Nan::NAN_METHOD_RETURN_TYPE RsaWrap::GetExponent(Nan::NAN_METHOD_ARGS_TYPE)’:
../src/ursaNative.cc:922:15: warning: ‘void RSA_get0_key(const RSA*, const BIGNUM**, const BIGNUM**, const BIGNUM**)’ is deprecated: Since OpenSSL 3.0 [-Wdeprecated-declarations]
  922 |   RSA_get0_key(obj->rsa, NULL, (const BIGNUM **)&obj->rsa_e, NULL);
      |   ~~~~~~~~~~~~^~~~~~~~~~~~~~~~~~~~~~~~~~~~~~~~~~~~~~~~~~~~~~~~~~~~
/usr/include/openssl/rsa.h:217:28: note: declared here
  217 | OSSL_DEPRECATEDIN_3_0 void RSA_get0_key(const RSA *r,
      |                            ^~~~~~~~~~~~
../src/ursaNative.cc: In static member function ‘static Nan::NAN_METHOD_RETURN_TYPE RsaWrap::GetPrivateExponent(Nan::NAN_METHOD_ARGS_TYPE)’:
../src/ursaNative.cc:943:15: warning: ‘void RSA_get0_key(const RSA*, const BIGNUM**, const BIGNUM**, const BIGNUM**)’ is deprecated: Since OpenSSL 3.0 [-Wdeprecated-declarations]
  943 |   RSA_get0_key(obj->rsa, NULL, NULL, (const BIGNUM **)&obj->rsa_d);
      |   ~~~~~~~~~~~~^~~~~~~~~~~~~~~~~~~~~~~~~~~~~~~~~~~~~~~~~~~~~~~~~~~~
/usr/include/openssl/rsa.h:217:28: note: declared here
  217 | OSSL_DEPRECATEDIN_3_0 void RSA_get0_key(const RSA *r,
      |                            ^~~~~~~~~~~~
../src/ursaNative.cc: In static member function ‘static Nan::NAN_METHOD_RETURN_TYPE RsaWrap::GetModulus(Nan::NAN_METHOD_ARGS_TYPE)’:
../src/ursaNative.cc:963:15: warning: ‘void RSA_get0_key(const RSA*, const BIGNUM**, const BIGNUM**, const BIGNUM**)’ is deprecated: Since OpenSSL 3.0 [-Wdeprecated-declarations]
  963 |   RSA_get0_key(obj->rsa, (const BIGNUM **)&obj->rsa_n, NULL, NULL);
      |   ~~~~~~~~~~~~^~~~~~~~~~~~~~~~~~~~~~~~~~~~~~~~~~~~~~~~~~~~~~~~~~~~
/usr/include/openssl/rsa.h:217:28: note: declared here
  217 | OSSL_DEPRECATEDIN_3_0 void RSA_get0_key(const RSA *r,
      |                            ^~~~~~~~~~~~
../src/ursaNative.cc: In static member function ‘static Nan::NAN_METHOD_RETURN_TYPE RsaWrap::GetPrivateKeyPem(Nan::NAN_METHOD_ARGS_TYPE)’:
../src/ursaNative.cc:1012:35: warning: ‘int PEM_write_bio_RSAPrivateKey(BIO*, const RSA*, const EVP_CIPHER*, const unsigned char*, int, int (*)(char*, int, int, void*), void*)’ is deprecated: Since OpenSSL 3.0 [-Wdeprecated-declarations]
 1012 |   if (!PEM_write_bio_RSAPrivateKey(bio, obj->rsa,
      |        ~~~~~~~~~~~~~~~~~~~~~~~~~~~^~~~~~~~~~~~~~~
 1013 |                                    cipher, (unsigned char *)password,
      |                                    ~~~~~~~~~~~~~~~~~~~~~~~~~~~~~~~~~~
 1014 |                                    passwordLen, NULL, NULL))
      |                                    ~~~~~~~~~~~~~~~~~~~~~~~~
In file included from /usr/include/openssl/ssl.h:36,
                 from ../src/ursaNative.cc:9:
/usr/include/openssl/pem.h:447:1: note: declared here
  447 | DECLARE_PEM_rw_cb_attr(OSSL_DEPRECATEDIN_3_0, RSAPrivateKey, RSA)
      | ^~~~~~~~~~~~~~~~~~~~~~
../src/ursaNative.cc: In static member function ‘static Nan::NAN_METHOD_RETURN_TYPE RsaWrap::GetPublicKeyPem(Nan::NAN_METHOD_ARGS_TYPE)’:
../src/ursaNative.cc:1049:32: warning: ‘int PEM_write_bio_RSA_PUBKEY(BIO*, const RSA*)’ is deprecated: Since OpenSSL 3.0 [-Wdeprecated-declarations]
 1049 |   if (!PEM_write_bio_RSA_PUBKEY(bio, obj->rsa))
      |        ~~~~~~~~~~~~~~~~~~~~~~~~^~~~~~~~~~~~~~~
/usr/include/openssl/pem.h:449:1: note: declared here
  449 | DECLARE_PEM_rw_attr(OSSL_DEPRECATEDIN_3_0, RSA_PUBKEY, RSA)
      | ^~~~~~~~~~~~~~~~~~~
../src/ursaNative.cc: In static member function ‘static Nan::NAN_METHOD_RETURN_TYPE RsaWrap::PrivateDecrypt(Nan::NAN_METHOD_ARGS_TYPE)’:
../src/ursaNative.cc:1095:27: warning: ‘int RSA_size(const RSA*)’ is deprecated: Since OpenSSL 3.0 [-Wdeprecated-declarations]
 1095 |   int rsaLength = RSA_size(obj->rsa);
      |                   ~~~~~~~~^~~~~~~~~~
/usr/include/openssl/rsa.h:204:27: note: declared here
  204 | OSSL_DEPRECATEDIN_3_0 int RSA_size(const RSA *rsa);
      |                           ^~~~~~~~
../src/ursaNative.cc:1103:37: error: no matching function for call to ‘v8::Value::Uint32Value()’
 1103 |   int padding = args[1]->Uint32Value();
      |                                     ^
/usr/include/nodejs/deps/v8/include/v8-value.h:416:41: note: candidate: ‘v8::Maybe<unsigned int> v8::Value::Uint32Value(v8::Local<v8::Context>) const’
  416 |   V8_WARN_UNUSED_RESULT Maybe<uint32_t> Uint32Value(
      |                                         ^~~~~~~~~~~
/usr/include/nodejs/deps/v8/include/v8-value.h:416:41: note:   candidate expects 1 argument, 0 provided
../src/ursaNative.cc:1105:38: warning: ‘int RSA_private_decrypt(int, const unsigned char*, unsigned char*, RSA*, int)’ is deprecated: Since OpenSSL 3.0 [-Wdeprecated-declarations]
 1105 |   int bufLength = RSA_private_decrypt(length, (unsigned char *)data,
      |                   ~~~~~~~~~~~~~~~~~~~^~~~~~~~~~~~~~~~~~~~~~~~~~~~~~~
 1106 |                                       buf, obj->rsa, padding);
      |                                       ~~~~~~~~~~~~~~~~~~~~~~~
/usr/include/openssl/rsa.h:291:5: note: declared here
  291 | int RSA_private_decrypt(int flen, const unsigned char *from, unsigned char *to,
      |     ^~~~~~~~~~~~~~~~~~~
../src/ursaNative.cc: In static member function ‘static Nan::NAN_METHOD_RETURN_TYPE RsaWrap::PrivateEncrypt(Nan::NAN_METHOD_ARGS_TYPE)’:
../src/ursaNative.cc:1153:27: warning: ‘int RSA_size(const RSA*)’ is deprecated: Since OpenSSL 3.0 [-Wdeprecated-declarations]
 1153 |   int rsaLength = RSA_size(obj->rsa);
      |                   ~~~~~~~~^~~~~~~~~~
/usr/include/openssl/rsa.h:204:27: note: declared here
  204 | OSSL_DEPRECATEDIN_3_0 int RSA_size(const RSA *rsa);
      |                           ^~~~~~~~
../src/ursaNative.cc:1161:37: error: no matching function for call to ‘v8::Value::Uint32Value()’
 1161 |   int padding = args[1]->Uint32Value();
      |                                     ^
/usr/include/nodejs/deps/v8/include/v8-value.h:416:41: note: candidate: ‘v8::Maybe<unsigned int> v8::Value::Uint32Value(v8::Local<v8::Context>) const’
  416 |   V8_WARN_UNUSED_RESULT Maybe<uint32_t> Uint32Value(
      |                                         ^~~~~~~~~~~
/usr/include/nodejs/deps/v8/include/v8-value.h:416:41: note:   candidate expects 1 argument, 0 provided
../src/ursaNative.cc:1163:32: warning: ‘int RSA_private_encrypt(int, const unsigned char*, unsigned char*, RSA*, int)’ is deprecated: Since OpenSSL 3.0 [-Wdeprecated-declarations]
 1163 |   int ret = RSA_private_encrypt(length, (unsigned char *)data,
      |             ~~~~~~~~~~~~~~~~~~~^~~~~~~~~~~~~~~~~~~~~~~~~~~~~~~
 1164 |                                 (unsigned char *)node::Buffer::Data(result),
      |                                 ~~~~~~~~~~~~~~~~~~~~~~~~~~~~~~~~~~~~~~~~~~~~
 1165 |                                 obj->rsa, padding);
      |                                 ~~~~~~~~~~~~~~~~~~
/usr/include/openssl/rsa.h:285:5: note: declared here
  285 | int RSA_private_encrypt(int flen, const unsigned char *from, unsigned char *to,
      |     ^~~~~~~~~~~~~~~~~~~
../src/ursaNative.cc: In static member function ‘static Nan::NAN_METHOD_RETURN_TYPE RsaWrap::PublicDecrypt(Nan::NAN_METHOD_ARGS_TYPE)’:
../src/ursaNative.cc:1210:27: warning: ‘int RSA_size(const RSA*)’ is deprecated: Since OpenSSL 3.0 [-Wdeprecated-declarations]
 1210 |   int rsaLength = RSA_size(obj->rsa);
      |                   ~~~~~~~~^~~~~~~~~~
/usr/include/openssl/rsa.h:204:27: note: declared here
  204 | OSSL_DEPRECATEDIN_3_0 int RSA_size(const RSA *rsa);
      |                           ^~~~~~~~
../src/ursaNative.cc:1218:37: error: no matching function for call to ‘v8::Value::Uint32Value()’
 1218 |   int padding = args[1]->Uint32Value();
      |                                     ^
/usr/include/nodejs/deps/v8/include/v8-value.h:416:41: note: candidate: ‘v8::Maybe<unsigned int> v8::Value::Uint32Value(v8::Local<v8::Context>) const’
  416 |   V8_WARN_UNUSED_RESULT Maybe<uint32_t> Uint32Value(
      |                                         ^~~~~~~~~~~
/usr/include/nodejs/deps/v8/include/v8-value.h:416:41: note:   candidate expects 1 argument, 0 provided
../src/ursaNative.cc:1220:37: warning: ‘int RSA_public_decrypt(int, const unsigned char*, unsigned char*, RSA*, int)’ is deprecated: Since OpenSSL 3.0 [-Wdeprecated-declarations]
 1220 |   int bufLength = RSA_public_decrypt(length, (unsigned char *)data,
      |                   ~~~~~~~~~~~~~~~~~~^~~~~~~~~~~~~~~~~~~~~~~~~~~~~~~
 1221 |                                      buf, obj->rsa, padding);
      |                                      ~~~~~~~~~~~~~~~~~~~~~~~
/usr/include/openssl/rsa.h:288:5: note: declared here
  288 | int RSA_public_decrypt(int flen, const unsigned char *from, unsigned char *to,
      |     ^~~~~~~~~~~~~~~~~~
../src/ursaNative.cc: In static member function ‘static Nan::NAN_METHOD_RETURN_TYPE RsaWrap::PublicEncrypt(Nan::NAN_METHOD_ARGS_TYPE)’:
../src/ursaNative.cc:1264:27: warning: ‘int RSA_size(const RSA*)’ is deprecated: Since OpenSSL 3.0 [-Wdeprecated-declarations]
 1264 |   int rsaLength = RSA_size(obj->rsa);
      |                   ~~~~~~~~^~~~~~~~~~
/usr/include/openssl/rsa.h:204:27: note: declared here
  204 | OSSL_DEPRECATEDIN_3_0 int RSA_size(const RSA *rsa);
      |                           ^~~~~~~~
../src/ursaNative.cc:1272:37: error: no matching function for call to ‘v8::Value::Uint32Value()’
 1272 |   int padding = args[1]->Uint32Value();
      |                                     ^
/usr/include/nodejs/deps/v8/include/v8-value.h:416:41: note: candidate: ‘v8::Maybe<unsigned int> v8::Value::Uint32Value(v8::Local<v8::Context>) const’
  416 |   V8_WARN_UNUSED_RESULT Maybe<uint32_t> Uint32Value(
      |                                         ^~~~~~~~~~~
/usr/include/nodejs/deps/v8/include/v8-value.h:416:41: note:   candidate expects 1 argument, 0 provided
../src/ursaNative.cc:1274:31: warning: ‘int RSA_public_encrypt(int, const unsigned char*, unsigned char*, RSA*, int)’ is deprecated: Since OpenSSL 3.0 [-Wdeprecated-declarations]
 1274 |   int ret = RSA_public_encrypt(length, (unsigned char *)data,
      |             ~~~~~~~~~~~~~~~~~~^~~~~~~~~~~~~~~~~~~~~~~~~~~~~~~
 1275 |                                (unsigned char *)node::Buffer::Data(result),
      |                                ~~~~~~~~~~~~~~~~~~~~~~~~~~~~~~~~~~~~~~~~~~~~
 1276 |                                obj->rsa, padding);
      |                                ~~~~~~~~~~~~~~~~~~
/usr/include/openssl/rsa.h:282:5: note: declared here
  282 | int RSA_public_encrypt(int flen, const unsigned char *from, unsigned char *to,
      |     ^~~~~~~~~~~~~~~~~~
../src/ursaNative.cc: In static member function ‘static Nan::NAN_METHOD_RETURN_TYPE RsaWrap::SetPrivateKeyPem(Nan::NAN_METHOD_ARGS_TYPE)’:
../src/ursaNative.cc:1328:42: warning: ‘RSA* PEM_read_bio_RSAPrivateKey(BIO*, RSA**, int (*)(char*, int, int, void*), void*)’ is deprecated: Since OpenSSL 3.0 [-Wdeprecated-declarations]
 1328 |     obj->rsa = PEM_read_bio_RSAPrivateKey(bio, NULL, 0, password);
      |                ~~~~~~~~~~~~~~~~~~~~~~~~~~^~~~~~~~~~~~~~~~~~~~~~~~
/usr/include/openssl/pem.h:447:1: note: declared here
  447 | DECLARE_PEM_rw_cb_attr(OSSL_DEPRECATEDIN_3_0, RSAPrivateKey, RSA)
      | ^~~~~~~~~~~~~~~~~~~~~~
../src/ursaNative.cc: In static member function ‘static Nan::NAN_METHOD_RETURN_TYPE RsaWrap::SetPublicKeyPem(Nan::NAN_METHOD_ARGS_TYPE)’:
../src/ursaNative.cc:1374:37: warning: ‘RSA* PEM_read_bio_RSA_PUBKEY(BIO*, RSA**, int (*)(char*, int, int, void*), void*)’ is deprecated: Since OpenSSL 3.0 [-Wdeprecated-declarations]
 1374 |   obj->rsa = PEM_read_bio_RSA_PUBKEY(bio, NULL, NULL, NULL);
      |              ~~~~~~~~~~~~~~~~~~~~~~~^~~~~~~~~~~~~~~~~~~~~~~
/usr/include/openssl/pem.h:449:1: note: declared here
  449 | DECLARE_PEM_rw_attr(OSSL_DEPRECATEDIN_3_0, RSA_PUBKEY, RSA)
      | ^~~~~~~~~~~~~~~~~~~
../src/ursaNative.cc: In static member function ‘static Nan::NAN_METHOD_RETURN_TYPE RsaWrap::Sign(Nan::NAN_METHOD_ARGS_TYPE)’:
../src/ursaNative.cc:1411:33: error: no matching function for call to ‘v8::Value::Uint32Value()’
 1411 |   int nid = args[0]->Uint32Value();
      |                                 ^
/usr/include/nodejs/deps/v8/include/v8-value.h:416:41: note: candidate: ‘v8::Maybe<unsigned int> v8::Value::Uint32Value(v8::Local<v8::Context>) const’
  416 |   V8_WARN_UNUSED_RESULT Maybe<uint32_t> Uint32Value(
      |                                         ^~~~~~~~~~~
/usr/include/nodejs/deps/v8/include/v8-value.h:416:41: note:   candidate expects 1 argument, 0 provided
../src/ursaNative.cc:1426:48: warning: ‘int RSA_size(const RSA*)’ is deprecated: Since OpenSSL 3.0 [-Wdeprecated-declarations]
 1426 |   unsigned int rsaSize = (unsigned int)RSA_size(obj->rsa);
      |                                        ~~~~~~~~^~~~~~~~~~
/usr/include/openssl/rsa.h:204:27: note: declared here
  204 | OSSL_DEPRECATEDIN_3_0 int RSA_size(const RSA *rsa);
      |                           ^~~~~~~~
../src/ursaNative.cc:1430:21: warning: ‘int RSA_sign(int, const unsigned char*, unsigned int, unsigned char*, unsigned int*, RSA*)’ is deprecated: Since OpenSSL 3.0 [-Wdeprecated-declarations]
 1430 |   int ret = RSA_sign(nid, (unsigned char *)data, dataLength,
      |             ~~~~~~~~^~~~~~~~~~~~~~~~~~~~~~~~~~~~~~~~~~~~~~~~
 1431 |                      (unsigned char *)node::Buffer::Data(result),
      |                      ~~~~~~~~~~~~~~~~~~~~~~~~~~~~~~~~~~~~~~~~~~~~
 1432 |                      &sigLength, obj->rsa);
      |                      ~~~~~~~~~~~~~~~~~~~~~
/usr/include/openssl/rsa.h:348:27: note: declared here
  348 | OSSL_DEPRECATEDIN_3_0 int RSA_sign(int type, const unsigned char *m,
      |                           ^~~~~~~~
../src/ursaNative.cc: In static member function ‘static Nan::NAN_METHOD_RETURN_TYPE RsaWrap::Verify(Nan::NAN_METHOD_ARGS_TYPE)’:
../src/ursaNative.cc:1477:33: error: no matching function for call to ‘v8::Value::Uint32Value()’
 1477 |   int nid = args[0]->Uint32Value();
      |                                 ^
/usr/include/nodejs/deps/v8/include/v8-value.h:416:41: note: candidate: ‘v8::Maybe<unsigned int> v8::Value::Uint32Value(v8::Local<v8::Context>) const’
  416 |   V8_WARN_UNUSED_RESULT Maybe<uint32_t> Uint32Value(
      |                                         ^~~~~~~~~~~
/usr/include/nodejs/deps/v8/include/v8-value.h:416:41: note:   candidate expects 1 argument, 0 provided
../src/ursaNative.cc:1505:23: warning: ‘int RSA_verify(int, const unsigned char*, unsigned int, const unsigned char*, unsigned int, RSA*)’ is deprecated: Since OpenSSL 3.0 [-Wdeprecated-declarations]
 1505 |   int ret = RSA_verify(nid, (unsigned char *)data, dataLength,
      |             ~~~~~~~~~~^~~~~~~~~~~~~~~~~~~~~~~~~~~~~~~~~~~~~~~~
 1506 |                        (unsigned char *)sig, sigLength, obj->rsa);
      |                        ~~~~~~~~~~~~~~~~~~~~~~~~~~~~~~~~~~~~~~~~~~
/usr/include/openssl/rsa.h:351:27: note: declared here
  351 | OSSL_DEPRECATEDIN_3_0 int RSA_verify(int type, const unsigned char *m,
      |                           ^~~~~~~~~~
../src/ursaNative.cc: In static member function ‘static Nan::NAN_METHOD_RETURN_TYPE RsaWrap::AddPSSPadding(Nan::NAN_METHOD_ARGS_TYPE)’:
../src/ursaNative.cc:1554:33: error: no matching function for call to ‘v8::Value::Uint32Value()’
 1554 |   int nid = args[0]->Uint32Value();
      |                                 ^
/usr/include/nodejs/deps/v8/include/v8-value.h:416:41: note: candidate: ‘v8::Maybe<unsigned int> v8::Value::Uint32Value(v8::Local<v8::Context>) const’
  416 |   V8_WARN_UNUSED_RESULT Maybe<uint32_t> Uint32Value(
      |                                         ^~~~~~~~~~~
/usr/include/nodejs/deps/v8/include/v8-value.h:416:41: note:   candidate expects 1 argument, 0 provided
../src/ursaNative.cc:1584:34: error: no matching function for call to ‘v8::Value::Uint32Value()’
 1584 |   int sLen = args[2]->Uint32Value();
      |                                  ^
/usr/include/nodejs/deps/v8/include/v8-value.h:416:41: note: candidate: ‘v8::Maybe<unsigned int> v8::Value::Uint32Value(v8::Local<v8::Context>) const’
  416 |   V8_WARN_UNUSED_RESULT Maybe<uint32_t> Uint32Value(
      |                                         ^~~~~~~~~~~
/usr/include/nodejs/deps/v8/include/v8-value.h:416:41: note:   candidate expects 1 argument, 0 provided
../src/ursaNative.cc:1586:49: warning: ‘int RSA_size(const RSA*)’ is deprecated: Since OpenSSL 3.0 [-Wdeprecated-declarations]
 1586 |   unsigned int emLength = (unsigned int)RSA_size(obj->rsa);
      |                                         ~~~~~~~~^~~~~~~~~~
/usr/include/openssl/rsa.h:204:27: note: declared here
  204 | OSSL_DEPRECATEDIN_3_0 int RSA_size(const RSA *rsa);
      |                           ^~~~~~~~
../src/ursaNative.cc:1589:38: warning: ‘int RSA_padding_add_PKCS1_PSS(RSA*, unsigned char*, const unsigned char*, const EVP_MD*, int)’ is deprecated: Since OpenSSL 3.0 [-Wdeprecated-declarations]
 1589 |   int ret = RSA_padding_add_PKCS1_PSS(obj->rsa,
      |             ~~~~~~~~~~~~~~~~~~~~~~~~~^~~~~~~~~~
 1590 |                                       (unsigned char *)node::Buffer::Data(EM),
      |                                       ~~~~~~~~~~~~~~~~~~~~~~~~~~~~~~~~~~~~~~~~
 1591 |                                       (unsigned char *)mHash, Hash, sLen);
      |                                       ~~~~~~~~~~~~~~~~~~~~~~~~~~~~~~~~~~~
/usr/include/openssl/rsa.h:428:5: note: declared here
  428 | int RSA_padding_add_PKCS1_PSS(RSA *rsa, unsigned char *EM,
      |     ^~~~~~~~~~~~~~~~~~~~~~~~~
../src/ursaNative.cc: In static member function ‘static Nan::NAN_METHOD_RETURN_TYPE RsaWrap::VerifyPSSPadding(Nan::NAN_METHOD_ARGS_TYPE)’:
../src/ursaNative.cc:1627:33: error: no matching function for call to ‘v8::Value::Uint32Value()’
 1627 |   int nid = args[0]->Uint32Value();
      |                                 ^
/usr/include/nodejs/deps/v8/include/v8-value.h:416:41: note: candidate: ‘v8::Maybe<unsigned int> v8::Value::Uint32Value(v8::Local<v8::Context>) const’
  416 |   V8_WARN_UNUSED_RESULT Maybe<uint32_t> Uint32Value(
      |                                         ^~~~~~~~~~~
/usr/include/nodejs/deps/v8/include/v8-value.h:416:41: note:   candidate expects 1 argument, 0 provided
../src/ursaNative.cc:1658:57: warning: ‘int RSA_size(const RSA*)’ is deprecated: Since OpenSSL 3.0 [-Wdeprecated-declarations]
 1658 |   if (node::Buffer::Length(emBuffer) != (size_t)RSA_size(obj->rsa))
      |                                                 ~~~~~~~~^~~~~~~~~~
/usr/include/openssl/rsa.h:204:27: note: declared here
  204 | OSSL_DEPRECATEDIN_3_0 int RSA_size(const RSA *rsa);
      |                           ^~~~~~~~
../src/ursaNative.cc:1674:34: error: no matching function for call to ‘v8::Value::Uint32Value()’
 1674 |   int sLen = args[3]->Uint32Value();
      |                                  ^
/usr/include/nodejs/deps/v8/include/v8-value.h:416:41: note: candidate: ‘v8::Maybe<unsigned int> v8::Value::Uint32Value(v8::Local<v8::Context>) const’
  416 |   V8_WARN_UNUSED_RESULT Maybe<uint32_t> Uint32Value(
      |                                         ^~~~~~~~~~~
/usr/include/nodejs/deps/v8/include/v8-value.h:416:41: note:   candidate expects 1 argument, 0 provided
../src/ursaNative.cc:1676:33: warning: ‘int RSA_verify_PKCS1_PSS(RSA*, const unsigned char*, const EVP_MD*, const unsigned char*, int)’ is deprecated: Since OpenSSL 3.0 [-Wdeprecated-declarations]
 1676 |   int ret = RSA_verify_PKCS1_PSS(obj->rsa,
      |             ~~~~~~~~~~~~~~~~~~~~^~~~~~~~~~
 1677 |                                  (unsigned char *)mHash, Hash, (unsigned char *)EM, sLen);
      |                                  ~~~~~~~~~~~~~~~~~~~~~~~~~~~~~~~~~~~~~~~~~~~~~~~~~~~~~~~~
/usr/include/openssl/rsa.h:424:5: note: declared here
  424 | int RSA_verify_PKCS1_PSS(RSA *rsa, const unsigned char *mHash,
      |     ^~~~~~~~~~~~~~~~~~~~
../src/ursaNative.cc: In static member function ‘static Nan::NAN_METHOD_RETURN_TYPE RsaWrap::CreatePrivateKeyFromComponents(Nan::NAN_METHOD_ARGS_TYPE)’:
../src/ursaNative.cc:1714:21: warning: ‘RSA* RSA_new()’ is deprecated: Since OpenSSL 3.0 [-Wdeprecated-declarations]
 1714 |   obj->rsa = RSA_new();
      |              ~~~~~~~^~
/usr/include/openssl/rsa.h:201:28: note: declared here
  201 | OSSL_DEPRECATEDIN_3_0 RSA *RSA_new(void);
      |                            ^~~~~~~
../src/ursaNative.cc:1771:17: warning: ‘int RSA_set0_key(RSA*, BIGNUM*, BIGNUM*, BIGNUM*)’ is deprecated: Since OpenSSL 3.0 [-Wdeprecated-declarations]
 1771 |     RSA_set0_key(obj->rsa, modulus, exponent, d);
      |     ~~~~~~~~~~~~^~~~~~~~~~~~~~~~~~~~~~~~~~~~~~~~
/usr/include/openssl/rsa.h:207:27: note: declared here
  207 | OSSL_DEPRECATEDIN_3_0 int RSA_set0_key(RSA *r, BIGNUM *n, BIGNUM *e, BIGNUM *d);
      |                           ^~~~~~~~~~~~
../src/ursaNative.cc:1772:21: warning: ‘int RSA_set0_factors(RSA*, BIGNUM*, BIGNUM*)’ is deprecated: Since OpenSSL 3.0 [-Wdeprecated-declarations]
 1772 |     RSA_set0_factors(obj->rsa, p, q);
      |     ~~~~~~~~~~~~~~~~^~~~~~~~~~~~~~~~
/usr/include/openssl/rsa.h:208:27: note: declared here
  208 | OSSL_DEPRECATEDIN_3_0 int RSA_set0_factors(RSA *r, BIGNUM *p, BIGNUM *q);
      |                           ^~~~~~~~~~~~~~~~
../src/ursaNative.cc:1773:24: warning: ‘int RSA_set0_crt_params(RSA*, BIGNUM*, BIGNUM*, BIGNUM*)’ is deprecated: Since OpenSSL 3.0 [-Wdeprecated-declarations]
 1773 |     RSA_set0_crt_params(obj->rsa, dp, dq, inverseQ);
      |     ~~~~~~~~~~~~~~~~~~~^~~~~~~~~~~~~~~~~~~~~~~~~~~~
/usr/include/openssl/rsa.h:209:27: note: declared here
  209 | OSSL_DEPRECATEDIN_3_0 int RSA_set0_crt_params(RSA *r,
      |                           ^~~~~~~~~~~~~~~~~~~
../src/ursaNative.cc: In static member function ‘static Nan::NAN_METHOD_RETURN_TYPE RsaWrap::CreatePublicKeyFromComponents(Nan::NAN_METHOD_ARGS_TYPE)’:
../src/ursaNative.cc:1829:21: warning: ‘RSA* RSA_new()’ is deprecated: Since OpenSSL 3.0 [-Wdeprecated-declarations]
 1829 |   obj->rsa = RSA_new();
      |              ~~~~~~~^~
/usr/include/openssl/rsa.h:201:28: note: declared here
  201 | OSSL_DEPRECATEDIN_3_0 RSA *RSA_new(void);
      |                            ^~~~~~~
../src/ursaNative.cc:1850:17: warning: ‘int RSA_set0_key(RSA*, BIGNUM*, BIGNUM*, BIGNUM*)’ is deprecated: Since OpenSSL 3.0 [-Wdeprecated-declarations]
 1850 |     RSA_set0_key(obj->rsa, modulus, exponent, NULL);
      |     ~~~~~~~~~~~~^~~~~~~~~~~~~~~~~~~~~~~~~~~~~~~~~~~
/usr/include/openssl/rsa.h:207:27: note: declared here
  207 | OSSL_DEPRECATEDIN_3_0 int RSA_set0_key(RSA *r, BIGNUM *n, BIGNUM *e, BIGNUM *d);
      |                           ^~~~~~~~~~~~
make: *** [ursaNative.target.mk:111: Release/obj.target/ursaNative/src/ursaNative.o] Error 1
gyp ERR! build error 
gyp ERR! stack Error: `make` failed with exit code: 2
gyp ERR! stack     at ChildProcess.onExit (/usr/share/nodejs/node-gyp/lib/build.js:201:23)
gyp ERR! stack     at ChildProcess.emit (node:events:513:28)
gyp ERR! stack     at ChildProcess._handle.onexit (node:internal/child_process:291:12)
gyp ERR! System Linux 5.19.0-31-generic
gyp ERR! command "/usr/bin/node" "/usr/share/nodejs/node-gyp/bin/node-gyp.js" "rebuild"
gyp ERR! cwd /home/aahil/apps/Fantom/admin-api/node_modules/ursa-optional
gyp ERR! node -v v18.7.0
gyp ERR! node-gyp -v v9.1.0
gyp ERR! not ok 
